WATCOM Make Version 10.6
Copyright by WATCOM International Corp. 1988, 1996. All rights reserved.
WATCOM is a trademark of WATCOM International Corp.
*
*
* Did you update the RealmAIVersionNumber in version.cpp?
*
*
	del winobjsd\version.obj
Deleting d:\birthrt\winobjsd\version.obj
     1 file(s) deleted        131,072 bytes freed
	echo Making strdat.dat
Making strdat.dat
	strmake


Processing file..............................................................................................................................................................................................................................................................................................................................................................................................................................................................................................................................................................................................................................................................................................................................................................................................................................................................................................................................................................................................................................................................................................................................................................................................................................................................................................................................................................................................................................................................................................................................................................................................................................................................................................................................................................................................................................................................................................................................................................................................................................................................................................................................................................................................................................................................................................................................................................................................................................................................................................................................................................................................................................................................................................................................................................................................................................................................................................................................................................................................................................................................................................
	wpp386 -i=SOLAUDIO\INC -dWIN32 -d_WINDOWS -dAUDIO_LIB    -dMEMORY_CHK -d_VECTOR_CHK      -5s -otexan -d2 -d_DEBUG -hw -w3 -zq -zp1 -j -mf -bt=nt -fo=winobjsd\ -ew .\winsys\mulplay.cpp
	wpp386 -i=SOLAUDIO\INC -dWIN32 -d_WINDOWS -dAUDIO_LIB    -dMEMORY_CHK -d_VECTOR_CHK      -5s -otexan -d2 -d_DEBUG -hw -w3 -zq -zp1 -j -mf -bt=nt -fo=winobjsd\ -ew actnmenu.cpp
^C
Error(E42): Last command making (winobjsd\actnmenu.obj) returned a bad status
Should this file be deleted [Yes/No] ? 